<?xml version="1.0" encoding="UTF-8"?>
<!-- Generated by org.testng.reporters.JUnitXMLReporter -->
<testsuite ignored="0" hostname="CDX-Gowtham-Laptop" failures="2" tests="14" name="Flow Stax Test- KBZPAY Parallel Execution" time="28.088" errors="0" timestamp="2026-06-08T17:20:11 IST">
  <testcase classname="testsScriptKBZPayService.AgentMerchant_and_RedAppSM_KYC_ChangeTest" name="AgemtMerchantand_RedAppFlowTest" time="21.934">
    <failure type="org.openqa.selenium.TimeoutException" message="Expected condition failed: waiting for element to be clickable: By.xpath: (//flt-semantics/span[.=&amp;apos;Email &amp;apos;]/following::flt-semantics/input[@data-semantics-role=&amp;apos;text-field&amp;apos;])[1] (tried for 20 second(s) with 500 milliseconds interval)
Build info: version: &amp;apos;4.13.0&amp;apos;, revision: &amp;apos;ba948ece5b*&amp;apos;
System info: os.name: &amp;apos;Windows 11&amp;apos;, os.arch: &amp;apos;amd64&amp;apos;, os.version: &amp;apos;10.0&amp;apos;, java.version: &amp;apos;17.0.12&amp;apos;
Driver info: jdk.proxy2.$Proxy18">
      <![CDATA[org.openqa.selenium.TimeoutException: Expected condition failed: waiting for element to be clickable: By.xpath: (//flt-semantics/span[.='Email ']/following::flt-semantics/input[@data-semantics-role='text-field'])[1] (tried for 20 second(s) with 500 milliseconds interval)
Build info: version: '4.13.0', revision: 'ba948ece5b*'
System info: os.name: 'Windows 11', os.arch: 'amd64', os.version: '10.0', java.version: '17.0.12'
Driver info: jdk.proxy2.$Proxy18
at org.openqa.selenium.support.ui.WebDriverWait.timeoutException(WebDriverWait.java:84)
at org.openqa.selenium.support.ui.FluentWait.until(FluentWait.java:230)
at org.pages.LoginPage.login(LoginPage.java:81)
at testsScriptKBZPayService.AgentMerchant_and_RedAppSM_KYC_ChangeTest.AgemtMerchantand_RedAppFlowTest(AgentMerchant_and_RedAppSM_KYC_ChangeTest.java:26)
at java.base/java.util.concurrent.Executors$RunnableAdapter.call(Executors.java:539)
at java.base/java.util.concurrent.FutureTask.run(FutureTask.java:264)
at java.base/java.util.concurrent.ThreadPoolExecutor.runWorker(ThreadPoolExecutor.java:1136)
at java.base/java.util.concurrent.ThreadPoolExecutor$Worker.run(ThreadPoolExecutor.java:635)
at java.base/java.lang.Thread.run(Thread.java:842)
... Removed 13 stack frames]]>
    </failure>
  </testcase> <!-- AgemtMerchantand_RedAppFlowTest -->
  <testcase classname="testsScriptKBZPayService.AgentMerchant_and_RedAppSM_KYC_ChangeTest" name="TSOLoginFlow" time="0.0">
    <skipped/>
  </testcase> <!-- TSOLoginFlow -->
  <testcase classname="testsScriptKBZPayService.AgentMerchant_and_RedAppSM_KYC_ChangeTest" name="branchLoginFlow" time="0.0">
    <skipped/>
  </testcase> <!-- branchLoginFlow -->
  <testcase classname="testsScriptKBZPayService.AgentMerchant_and_RedAppSM_KYC_ChangeTest" name="TsoLoginFlow2" time="0.0">
    <skipped/>
  </testcase> <!-- TsoLoginFlow2 -->
  <testcase classname="testsScriptKBZPayService.AgentMerchant_and_RedAppSM_KYC_ChangeTest" name="closingLoopLogin" time="0.0">
    <skipped/>
  </testcase> <!-- closingLoopLogin -->
  <testcase classname="testsScriptKBZPayService.AgentMerchant_and_RedAppSM_KYC_ChangeTest" name="TsoLoginFlow3" time="0.0">
    <skipped/>
  </testcase> <!-- TsoLoginFlow3 -->
  <testcase classname="testsScriptKBZPayService.AgentMerchant_and_RedAppSM_KYC_ChangeTest" name="closingLoopLogin2" time="0.0">
    <skipped/>
  </testcase> <!-- closingLoopLogin2 -->
  <testcase classname="testsScriptKBZPayService.CustomerKycChangeReqTest" name="Customer_KYC_ChangeReqFlowTest" time="22.279">
    <failure type="org.openqa.selenium.TimeoutException" message="Expected condition failed: waiting for element to be clickable: By.xpath: (//flt-semantics/span[.=&amp;apos;Email &amp;apos;]/following::flt-semantics/input[@data-semantics-role=&amp;apos;text-field&amp;apos;])[1] (tried for 20 second(s) with 500 milliseconds interval)
Build info: version: &amp;apos;4.13.0&amp;apos;, revision: &amp;apos;ba948ece5b*&amp;apos;
System info: os.name: &amp;apos;Windows 11&amp;apos;, os.arch: &amp;apos;amd64&amp;apos;, os.version: &amp;apos;10.0&amp;apos;, java.version: &amp;apos;17.0.12&amp;apos;
Driver info: jdk.proxy2.$Proxy18">
      <![CDATA[org.openqa.selenium.TimeoutException: Expected condition failed: waiting for element to be clickable: By.xpath: (//flt-semantics/span[.='Email ']/following::flt-semantics/input[@data-semantics-role='text-field'])[1] (tried for 20 second(s) with 500 milliseconds interval)
Build info: version: '4.13.0', revision: 'ba948ece5b*'
System info: os.name: 'Windows 11', os.arch: 'amd64', os.version: '10.0', java.version: '17.0.12'
Driver info: jdk.proxy2.$Proxy18
at org.openqa.selenium.support.ui.WebDriverWait.timeoutException(WebDriverWait.java:84)
at org.openqa.selenium.support.ui.FluentWait.until(FluentWait.java:230)
at org.pages.LoginPage.login(LoginPage.java:81)
at testsScriptKBZPayService.CustomerKycChangeReqTest.Customer_KYC_ChangeReqFlowTest(CustomerKycChangeReqTest.java:31)
at java.base/java.util.concurrent.Executors$RunnableAdapter.call(Executors.java:539)
at java.base/java.util.concurrent.FutureTask.run(FutureTask.java:264)
at java.base/java.util.concurrent.ThreadPoolExecutor.runWorker(ThreadPoolExecutor.java:1136)
at java.base/java.util.concurrent.ThreadPoolExecutor$Worker.run(ThreadPoolExecutor.java:635)
at java.base/java.lang.Thread.run(Thread.java:842)
... Removed 13 stack frames]]>
    </failure>
  </testcase> <!-- Customer_KYC_ChangeReqFlowTest -->
  <testcase classname="testsScriptKBZPayService.CustomerKycChangeReqTest" name="tsoLoginFlow" time="0.0">
    <skipped/>
  </testcase> <!-- tsoLoginFlow -->
  <testcase classname="testsScriptKBZPayService.CustomerKycChangeReqTest" name="branchLoginFlow" time="0.0">
    <skipped/>
  </testcase> <!-- branchLoginFlow -->
  <testcase classname="testsScriptKBZPayService.CustomerKycChangeReqTest" name="TsoLoginFlow2" time="0.0">
    <skipped/>
  </testcase> <!-- TsoLoginFlow2 -->
  <testcase classname="testsScriptKBZPayService.CustomerKycChangeReqTest" name="closingLoopLogin" time="0.0">
    <skipped/>
  </testcase> <!-- closingLoopLogin -->
  <testcase classname="testsScriptKBZPayService.CustomerKycChangeReqTest" name="TsoLoginFlow3" time="0.0">
    <skipped/>
  </testcase> <!-- TsoLoginFlow3 -->
  <testcase classname="testsScriptKBZPayService.CustomerKycChangeReqTest" name="closingLoopLogin2" time="0.0">
    <skipped/>
  </testcase> <!-- closingLoopLogin2 -->
</testsuite> <!-- Flow Stax Test- KBZPAY Parallel Execution -->
