<?xml version="1.0" encoding="UTF-8"?>
<!-- Generated by org.testng.reporters.JUnitXMLReporter -->
<testsuite ignored="0" hostname="CDX-Gowtham-Laptop" failures="1" tests="10" name="Default test" time="165.82" errors="0" timestamp="2026-06-19T17:27:29 IST">
  <testcase classname="testScriptNonPo.PettyCashFlowTest" name="pettyCashFlow" time="159.038">
    <failure type="org.openqa.selenium.TimeoutException" message="Expected condition failed: waiting for element to be clickable: By.xpath: (//flt-semantics[@style=&amp;apos;position: absolute; overflow: visible; width: 40px; height: 40px; transform-origin: 0px 0px 0px; transform: matrix(1, 0, 0, 1, 100, 7.5); pointer-events: all; z-index: 2;&amp;apos;])[1] (tried for 10 second(s) with 500 milliseconds interval)
Build info: version: &amp;apos;4.13.0&amp;apos;, revision: &amp;apos;ba948ece5b*&amp;apos;
System info: os.name: &amp;apos;Windows 11&amp;apos;, os.arch: &amp;apos;amd64&amp;apos;, os.version: &amp;apos;10.0&amp;apos;, java.version: &amp;apos;17.0.12&amp;apos;
Driver info: jdk.proxy2.$Proxy15">
      <![CDATA[org.openqa.selenium.TimeoutException: Expected condition failed: waiting for element to be clickable: By.xpath: (//flt-semantics[@style='position: absolute; overflow: visible; width: 40px; height: 40px; transform-origin: 0px 0px 0px; transform: matrix(1, 0, 0, 1, 100, 7.5); pointer-events: all; z-index: 2;'])[1] (tried for 10 second(s) with 500 milliseconds interval)
Build info: version: '4.13.0', revision: 'ba948ece5b*'
System info: os.name: 'Windows 11', os.arch: 'amd64', os.version: '10.0', java.version: '17.0.12'
Driver info: jdk.proxy2.$Proxy15
at org.openqa.selenium.support.ui.WebDriverWait.timeoutException(WebDriverWait.java:84)
at org.openqa.selenium.support.ui.FluentWait.until(FluentWait.java:230)
at org.nonPoAppPages.PettyCashPage.EyeIconbtnClick(PettyCashPage.java:417)
at testScriptNonPo.PettyCashFlowTest.pettyCashFlow(PettyCashFlowTest.java:62)
at java.base/jdk.internal.reflect.NativeMethodAccessorImpl.invoke0(Native Method)
at java.base/jdk.internal.reflect.NativeMethodAccessorImpl.invoke(NativeMethodAccessorImpl.java:77)
at java.base/jdk.internal.reflect.DelegatingMethodAccessorImpl.invoke(DelegatingMethodAccessorImpl.java:43)
at java.base/java.lang.reflect.Method.invoke(Method.java:568)
at org.testng.internal.invokers.MethodInvocationHelper.invokeMethod(MethodInvocationHelper.java:141)
at org.testng.internal.invokers.TestInvoker.invokeMethod(TestInvoker.java:686)
at org.testng.internal.invokers.TestInvoker.invokeTestMethod(TestInvoker.java:230)
at org.testng.internal.invokers.MethodRunner.runInSequence(MethodRunner.java:63)
at org.testng.internal.invokers.TestInvoker$MethodInvocationAgent.invoke(TestInvoker.java:992)
at org.testng.internal.invokers.TestInvoker.invokeTestMethods(TestInvoker.java:203)
at org.testng.internal.invokers.TestMethodWorker.invokeTestMethods(TestMethodWorker.java:154)
at org.testng.internal.invokers.TestMethodWorker.run(TestMethodWorker.java:134)
at java.base/java.util.ArrayList.forEach(ArrayList.java:1511)
at org.testng.TestRunner.privateRun(TestRunner.java:739)
at org.testng.TestRunner.run(TestRunner.java:614)
at org.testng.SuiteRunner.runTest(SuiteRunner.java:421)
at org.testng.SuiteRunner.runSequentially(SuiteRunner.java:413)
at org.testng.SuiteRunner.privateRun(SuiteRunner.java:373)
at org.testng.SuiteRunner.run(SuiteRunner.java:312)
at org.testng.SuiteRunnerWorker.runSuite(SuiteRunnerWorker.java:52)
at org.testng.SuiteRunnerWorker.run(SuiteRunnerWorker.java:95)
at org.testng.TestNG.runSuitesSequentially(TestNG.java:1274)
at org.testng.TestNG.runSuitesLocally(TestNG.java:1208)
at org.testng.TestNG.runSuites(TestNG.java:1112)
at org.testng.TestNG.run(TestNG.java:1079)
at org.testng.remote.AbstractRemoteTestNG.run(AbstractRemoteTestNG.java:115)
at org.testng.remote.RemoteTestNG.initAndRun(RemoteTestNG.java:293)
at org.testng.remote.RemoteTestNG.main(RemoteTestNG.java:91)
]]>
    </failure>
  </testcase> <!-- pettyCashFlow -->
  <testcase classname="testScriptNonPo.PettyCashFlowTest" name="financeAuthorizerFlow" time="0.0">
    <skipped/>
  </testcase> <!-- financeAuthorizerFlow -->
  <testcase classname="testScriptNonPo.PettyCashFlowTest" name="dcfoFlow" time="0.0">
    <skipped/>
  </testcase> <!-- dcfoFlow -->
  <testcase classname="testScriptNonPo.PettyCashFlowTest" name="CFOFlow" time="0.0">
    <skipped/>
  </testcase> <!-- CFOFlow -->
  <testcase classname="testScriptNonPo.PettyCashFlowTest" name="DCEOFlow" time="0.0">
    <skipped/>
  </testcase> <!-- DCEOFlow -->
  <testcase classname="testScriptNonPo.PettyCashFlowTest" name="CFO2Flow" time="0.0">
    <skipped/>
  </testcase> <!-- CFO2Flow -->
  <testcase classname="testScriptNonPo.PettyCashFlowTest" name="DCEO2Flow" time="0.0">
    <skipped/>
  </testcase> <!-- DCEO2Flow -->
  <testcase classname="testScriptNonPo.PettyCashFlowTest" name="CEOFlow" time="0.0">
    <skipped/>
  </testcase> <!-- CEOFlow -->
  <testcase classname="testScriptNonPo.PettyCashFlowTest" name="FinanceRenocileFlow" time="0.0">
    <skipped/>
  </testcase> <!-- FinanceRenocileFlow -->
  <testcase classname="testScriptNonPo.PettyCashFlowTest" name="branchFlow" time="0.0">
    <skipped/>
  </testcase> <!-- branchFlow -->
</testsuite> <!-- Default test -->
