<?xml version="1.0" encoding="UTF-8"?>
<testng-results ignored="0" total="7" passed="7" failed="0" skipped="0">
  <reporter-output>
  </reporter-output>
  <suite started-at="2026-06-08T16:26:42 IST" name="Default suite" finished-at="2026-06-08T16:37:17 IST" duration-ms="634522">
    <groups>
    </groups>
    <test started-at="2026-06-08T16:26:42 IST" name="Default test" finished-at="2026-06-08T16:37:17 IST" duration-ms="634522">
      <class name="testsScriptKBZPayService.CustomerKycChangeReqTest">
        <test-method is-config="true" signature="setup()[pri:0, instance:testsScriptKBZPayService.CustomerKycChangeReqTest@1d8bd0de]" started-at="2026-06-08T16:26:42 IST" name="setup" finished-at="2026-06-08T16:26:47 IST" duration-ms="4278" status="PASS">
          <reporter-output>
          </reporter-output>
        </test-method> <!-- setup -->
        <test-method signature="Customer_KYC_ChangeReqFlowTest()[pri:1, instance:testsScriptKBZPayService.CustomerKycChangeReqTest@1d8bd0de]" started-at="2026-06-08T16:26:47 IST" name="Customer_KYC_ChangeReqFlowTest" finished-at="2026-06-08T16:30:55 IST" duration-ms="248789" status="PASS">
          <reporter-output>
          </reporter-output>
        </test-method> <!-- Customer_KYC_ChangeReqFlowTest -->
        <test-method signature="tsoLoginFlow()[pri:2, instance:testsScriptKBZPayService.CustomerKycChangeReqTest@1d8bd0de]" started-at="2026-06-08T16:30:55 IST" name="tsoLoginFlow" finished-at="2026-06-08T16:32:01 IST" depends-on-methods="testsScriptKBZPayService.CustomerKycChangeReqTest.Customer_KYC_ChangeReqFlowTest" duration-ms="65129" status="PASS">
          <reporter-output>
          </reporter-output>
        </test-method> <!-- tsoLoginFlow -->
        <test-method signature="branchLoginFlow()[pri:3, instance:testsScriptKBZPayService.CustomerKycChangeReqTest@1d8bd0de]" started-at="2026-06-08T16:32:01 IST" name="branchLoginFlow" finished-at="2026-06-08T16:33:29 IST" depends-on-methods="testsScriptKBZPayService.CustomerKycChangeReqTest.tsoLoginFlow" duration-ms="88253" status="PASS">
          <reporter-output>
          </reporter-output>
        </test-method> <!-- branchLoginFlow -->
        <test-method signature="TsoLoginFlow2()[pri:4, instance:testsScriptKBZPayService.CustomerKycChangeReqTest@1d8bd0de]" started-at="2026-06-08T16:33:29 IST" name="TsoLoginFlow2" finished-at="2026-06-08T16:34:19 IST" depends-on-methods="testsScriptKBZPayService.CustomerKycChangeReqTest.branchLoginFlow" duration-ms="50449" status="PASS">
          <reporter-output>
          </reporter-output>
        </test-method> <!-- TsoLoginFlow2 -->
        <test-method signature="closingLoopLogin()[pri:5, instance:testsScriptKBZPayService.CustomerKycChangeReqTest@1d8bd0de]" started-at="2026-06-08T16:34:19 IST" name="closingLoopLogin" finished-at="2026-06-08T16:35:26 IST" depends-on-methods="testsScriptKBZPayService.CustomerKycChangeReqTest.TsoLoginFlow2" duration-ms="66381" status="PASS">
          <reporter-output>
          </reporter-output>
        </test-method> <!-- closingLoopLogin -->
        <test-method signature="TsoLoginFlow3()[pri:6, instance:testsScriptKBZPayService.CustomerKycChangeReqTest@1d8bd0de]" started-at="2026-06-08T16:35:26 IST" name="TsoLoginFlow3" finished-at="2026-06-08T16:36:13 IST" depends-on-methods="testsScriptKBZPayService.CustomerKycChangeReqTest.closingLoopLogin" duration-ms="47216" status="PASS">
          <reporter-output>
          </reporter-output>
        </test-method> <!-- TsoLoginFlow3 -->
        <test-method signature="closingLoopLogin2()[pri:7, instance:testsScriptKBZPayService.CustomerKycChangeReqTest@1d8bd0de]" started-at="2026-06-08T16:36:13 IST" name="closingLoopLogin2" finished-at="2026-06-08T16:37:16 IST" depends-on-methods="testsScriptKBZPayService.CustomerKycChangeReqTest.TsoLoginFlow3" duration-ms="63038" status="PASS">
          <reporter-output>
          </reporter-output>
        </test-method> <!-- closingLoopLogin2 -->
        <test-method is-config="true" signature="tearDown()[pri:0, instance:testsScriptKBZPayService.CustomerKycChangeReqTest@1d8bd0de]" started-at="2026-06-08T16:37:16 IST" name="tearDown" finished-at="2026-06-08T16:37:17 IST" duration-ms="696" status="PASS">
          <reporter-output>
          </reporter-output>
        </test-method> <!-- tearDown -->
      </class> <!-- testsScriptKBZPayService.CustomerKycChangeReqTest -->
    </test> <!-- Default test -->
  </suite> <!-- Default suite -->
</testng-results>
