<?xml version="1.0" encoding="UTF-8"?>
<testng-results ignored="0" total="7" passed="7" failed="0" skipped="0">
  <reporter-output>
  </reporter-output>
  <suite started-at="2026-06-15T17:15:19 IST" name="Default suite" finished-at="2026-06-15T17:26:37 IST" duration-ms="678744">
    <groups>
    </groups>
    <test started-at="2026-06-15T17:15:19 IST" name="Default test" finished-at="2026-06-15T17:26:37 IST" duration-ms="678744">
      <class name="testsScriptKBZPayService.Phone_Change_ReqAndDevice_Change_DeniedTest">
        <test-method is-config="true" signature="setup()[pri:0, instance:testsScriptKBZPayService.Phone_Change_ReqAndDevice_Change_DeniedTest@1d8bd0de]" started-at="2026-06-15T17:15:19 IST" name="setup" finished-at="2026-06-15T17:15:25 IST" duration-ms="6287" status="PASS">
          <reporter-output>
          </reporter-output>
        </test-method> <!-- setup -->
        <test-method signature="Phone_Change_ReqAndDevice_Change_DeniedFlowTest()[pri:1, instance:testsScriptKBZPayService.Phone_Change_ReqAndDevice_Change_DeniedTest@1d8bd0de]" started-at="2026-06-15T17:15:25 IST" name="Phone_Change_ReqAndDevice_Change_DeniedFlowTest" finished-at="2026-06-15T17:20:39 IST" duration-ms="313337" status="PASS">
          <reporter-output>
          </reporter-output>
        </test-method> <!-- Phone_Change_ReqAndDevice_Change_DeniedFlowTest -->
        <test-method signature="tsoLoginFlow()[pri:2, instance:testsScriptKBZPayService.Phone_Change_ReqAndDevice_Change_DeniedTest@1d8bd0de]" started-at="2026-06-15T17:20:39 IST" name="tsoLoginFlow" finished-at="2026-06-15T17:21:59 IST" depends-on-methods="testsScriptKBZPayService.Phone_Change_ReqAndDevice_Change_DeniedTest.Phone_Change_ReqAndDevice_Change_DeniedFlowTest" duration-ms="79796" status="PASS">
          <reporter-output>
          </reporter-output>
        </test-method> <!-- tsoLoginFlow -->
        <test-method signature="branchLoginFlow()[pri:3, instance:testsScriptKBZPayService.Phone_Change_ReqAndDevice_Change_DeniedTest@1d8bd0de]" started-at="2026-06-15T17:21:59 IST" name="branchLoginFlow" finished-at="2026-06-15T17:22:54 IST" depends-on-methods="testsScriptKBZPayService.Phone_Change_ReqAndDevice_Change_DeniedTest.tsoLoginFlow" duration-ms="55044" status="PASS">
          <reporter-output>
          </reporter-output>
        </test-method> <!-- branchLoginFlow -->
        <test-method signature="TsoLoginFlow2()[pri:4, instance:testsScriptKBZPayService.Phone_Change_ReqAndDevice_Change_DeniedTest@1d8bd0de]" started-at="2026-06-15T17:22:54 IST" name="TsoLoginFlow2" finished-at="2026-06-15T17:23:45 IST" depends-on-methods="testsScriptKBZPayService.Phone_Change_ReqAndDevice_Change_DeniedTest.branchLoginFlow" duration-ms="51885" status="PASS">
          <reporter-output>
          </reporter-output>
        </test-method> <!-- TsoLoginFlow2 -->
        <test-method signature="closingLoopLogin()[pri:5, instance:testsScriptKBZPayService.Phone_Change_ReqAndDevice_Change_DeniedTest@1d8bd0de]" started-at="2026-06-15T17:23:46 IST" name="closingLoopLogin" finished-at="2026-06-15T17:24:48 IST" depends-on-methods="testsScriptKBZPayService.Phone_Change_ReqAndDevice_Change_DeniedTest.TsoLoginFlow2" duration-ms="62119" status="PASS">
          <reporter-output>
          </reporter-output>
        </test-method> <!-- closingLoopLogin -->
        <test-method signature="TsoLoginFlow3()[pri:6, instance:testsScriptKBZPayService.Phone_Change_ReqAndDevice_Change_DeniedTest@1d8bd0de]" started-at="2026-06-15T17:24:48 IST" name="TsoLoginFlow3" finished-at="2026-06-15T17:25:39 IST" depends-on-methods="testsScriptKBZPayService.Phone_Change_ReqAndDevice_Change_DeniedTest.closingLoopLogin" duration-ms="51030" status="PASS">
          <reporter-output>
          </reporter-output>
        </test-method> <!-- TsoLoginFlow3 -->
        <test-method signature="closingLoopLogin2()[pri:7, instance:testsScriptKBZPayService.Phone_Change_ReqAndDevice_Change_DeniedTest@1d8bd0de]" started-at="2026-06-15T17:25:39 IST" name="closingLoopLogin2" finished-at="2026-06-15T17:26:37 IST" depends-on-methods="testsScriptKBZPayService.Phone_Change_ReqAndDevice_Change_DeniedTest.TsoLoginFlow3" duration-ms="58703" status="PASS">
          <reporter-output>
          </reporter-output>
        </test-method> <!-- closingLoopLogin2 -->
        <test-method is-config="true" signature="tearDown()[pri:0, instance:testsScriptKBZPayService.Phone_Change_ReqAndDevice_Change_DeniedTest@1d8bd0de]" started-at="2026-06-15T17:26:37 IST" name="tearDown" finished-at="2026-06-15T17:26:37 IST" duration-ms="1" status="PASS">
          <reporter-output>
          </reporter-output>
        </test-method> <!-- tearDown -->
      </class> <!-- testsScriptKBZPayService.Phone_Change_ReqAndDevice_Change_DeniedTest -->
    </test> <!-- Default test -->
  </suite> <!-- Default suite -->
</testng-results>
