<?xml version="1.0" encoding="UTF-8"?>
<!-- Generated by org.testng.reporters.JUnitReportReporter -->
<testsuite hostname="CDX-Gowtham-Laptop" failures="0" tests="3" name="testScriptsKycVerification.approvalDelayTest" time="294.276" errors="0" timestamp="2026-05-19T17:45:34 IST" skipped="0">
  <testcase classname="testScriptsKycVerification.approvalDelayTest" name="approvalDelayFlow" time="175.525"/>
  <testcase classname="testScriptsKycVerification.approvalDelayTest" name="KBZPayCenterCheckerFlow" time="54.793"/>
  <testcase classname="testScriptsKycVerification.approvalDelayTest" name="kycOfficerFlow" time="63.958"/>
</testsuite> <!-- testScriptsKycVerification.approvalDelayTest -->
