<?xml version="1.0" encoding="UTF-8"?>
<!-- Generated by org.testng.reporters.JUnitReportReporter -->
<testsuite hostname="CDX-Gowtham-Laptop" failures="0" tests="7" name="testsScriptKBZPayService.Phone_Change_ReqAndDevice_Change_DeniedTest" time="551.850" errors="0" timestamp="2026-06-22T15:27:15 IST" skipped="0">
  <testcase classname="testsScriptKBZPayService.Phone_Change_ReqAndDevice_Change_DeniedTest" name="Phone_Change_ReqAndDevice_Change_DeniedFlowTest" time="239.884"/>
  <testcase classname="testsScriptKBZPayService.Phone_Change_ReqAndDevice_Change_DeniedTest" name="tsoLoginFlow" time="63.913"/>
  <testcase classname="testsScriptKBZPayService.Phone_Change_ReqAndDevice_Change_DeniedTest" name="branchLoginFlow" time="43.877"/>
  <testcase classname="testsScriptKBZPayService.Phone_Change_ReqAndDevice_Change_DeniedTest" name="TsoLoginFlow2" time="46.297"/>
  <testcase classname="testsScriptKBZPayService.Phone_Change_ReqAndDevice_Change_DeniedTest" name="closingLoopLogin" time="57.698"/>
  <testcase classname="testsScriptKBZPayService.Phone_Change_ReqAndDevice_Change_DeniedTest" name="TsoLoginFlow3" time="45.497"/>
  <testcase classname="testsScriptKBZPayService.Phone_Change_ReqAndDevice_Change_DeniedTest" name="closingLoopLogin2" time="54.684"/>
</testsuite> <!-- testsScriptKBZPayService.Phone_Change_ReqAndDevice_Change_DeniedTest -->
