<?xml version="1.0" encoding="UTF-8"?>
<!-- Generated by org.testng.reporters.JUnitReportReporter -->
<testsuite hostname="CDX-Gowtham-Laptop" failures="0" tests="7" name="testsScriptKBZPayService.CustomerKycChangeReqTest" time="630.277" errors="0" timestamp="2026-06-09T11:00:11 IST" skipped="0">
  <testcase classname="testsScriptKBZPayService.CustomerKycChangeReqTest" name="Customer_KYC_ChangeReqFlowTest" time="251.169"/>
  <testcase classname="testsScriptKBZPayService.CustomerKycChangeReqTest" name="tsoLoginFlow" time="65.578"/>
  <testcase classname="testsScriptKBZPayService.CustomerKycChangeReqTest" name="branchLoginFlow" time="84.405"/>
  <testcase classname="testsScriptKBZPayService.CustomerKycChangeReqTest" name="TsoLoginFlow2" time="51.114"/>
  <testcase classname="testsScriptKBZPayService.CustomerKycChangeReqTest" name="closingLoopLogin" time="65.950"/>
  <testcase classname="testsScriptKBZPayService.CustomerKycChangeReqTest" name="TsoLoginFlow3" time="49.223"/>
  <testcase classname="testsScriptKBZPayService.CustomerKycChangeReqTest" name="closingLoopLogin2" time="62.838"/>
</testsuite> <!-- testsScriptKBZPayService.CustomerKycChangeReqTest -->
