<?xml version="1.0" encoding="UTF-8"?>
<!-- Generated by org.testng.reporters.JUnitReportReporter -->
<testsuite hostname="CDX-Gowtham-Laptop" failures="0" tests="5" name="testsScripts.Duplicate_Phone_Number_Online_Banking_ApplicationClosedTest" time="367.123" errors="0" timestamp="2026-06-25T11:12:19 IST" skipped="0">
  <testcase classname="testsScripts.Duplicate_Phone_Number_Online_Banking_ApplicationClosedTest" name="Duplicate_Phone_Number_Online_Banking_applicationClose_FlowTest" time="158.182"/>
  <testcase classname="testsScripts.Duplicate_Phone_Number_Online_Banking_ApplicationClosedTest" name="CFI_Flow" time="79.621"/>
  <testcase classname="testsScripts.Duplicate_Phone_Number_Online_Banking_ApplicationClosedTest" name="branchFlow" time="44.526"/>
  <testcase classname="testsScripts.Duplicate_Phone_Number_Online_Banking_ApplicationClosedTest" name="adminFlow" time="52.884"/>
  <testcase classname="testsScripts.Duplicate_Phone_Number_Online_Banking_ApplicationClosedTest" name="branchFlow_2" time="31.910"/>
</testsuite> <!-- testsScripts.Duplicate_Phone_Number_Online_Banking_ApplicationClosedTest -->
