<?xml version="1.0" encoding="UTF-8"?>
<!-- Generated by org.testng.reporters.JUnitReportReporter -->
<testsuite hostname="CDX-Gowtham-Laptop" failures="0" tests="8" name="testScriptNonPo.PettyCashRejectFlowTest" time="20.659" errors="1" timestamp="2026-05-29T15:38:19 IST" skipped="7">
  <testcase classname="testScriptNonPo.PettyCashRejectFlowTest" name="pettyCash_Reject_Flow" time="20.659">
    <error message="Expected condition failed: waiting for element to be clickable: By.xpath: (//flt-semantics/span[.=&#039;Email &#039;]/following::flt-semantics/input[@data-semantics-role=&#039;text-field&#039;])[1] (tried for 20 second(s) with 500 milliseconds interval)
Build info: version: &#039;4.13.0&#039;, revision: &#039;ba948ece5b*&#039;
System info: os.name: &#039;Windows 11&#039;, os.arch: &#039;amd64&#039;, os.version: &#039;10.0&#039;, java.version: &#039;17.0.12&#039;
Driver info: org.openqa.selenium.chrome.ChromeDriver
Capabilities {acceptInsecureCerts: false, browserName: chrome, browserVersion: 148.0.7778.216, chrome: {chromedriverVersion: 148.0.7778.178 (d096af1c9e9..., userDataDir: C:\Users\User\AppData\Local...}, fedcm:accounts: true, goog:chromeOptions: {debuggerAddress: localhost:53358}, goog:processID: 3688, networkConnectionEnabled: false, pageLoadStrategy: normal, platformName: windows, proxy: Proxy(), se:cdp: ws://localhost:53358/devtoo..., se:cdpVersion: 148.0.7778.216, setWindowRect: true, strictFileInteractability: false, timeouts: {implicit: 0, pageLoad: 300000, script: 30000}, unhandledPromptBehavior: dismiss and notify, webauthn:extension:credBlob: true, webauthn:extension:largeBlob: true, webauthn:extension:minPinLength: true, webauthn:extension:prf: true, webauthn:virtualAuthenticators: true}
Session ID: ad650a56b4aa8cca218a31b1d331b82d" type="org.openqa.selenium.TimeoutException">
      <![CDATA[org.openqa.selenium.TimeoutException: Expected condition failed: waiting for element to be clickable: By.xpath: (//flt-semantics/span[.='Email ']/following::flt-semantics/input[@data-semantics-role='text-field'])[1] (tried for 20 second(s) with 500 milliseconds interval)
Build info: version: '4.13.0', revision: 'ba948ece5b*'
System info: os.name: 'Windows 11', os.arch: 'amd64', os.version: '10.0', java.version: '17.0.12'
Driver info: org.openqa.selenium.chrome.ChromeDriver
Capabilities {acceptInsecureCerts: false, browserName: chrome, browserVersion: 148.0.7778.216, chrome: {chromedriverVersion: 148.0.7778.178 (d096af1c9e9..., userDataDir: C:\Users\User\AppData\Local...}, fedcm:accounts: true, goog:chromeOptions: {debuggerAddress: localhost:53358}, goog:processID: 3688, networkConnectionEnabled: false, pageLoadStrategy: normal, platformName: windows, proxy: Proxy(), se:cdp: ws://localhost:53358/devtoo..., se:cdpVersion: 148.0.7778.216, setWindowRect: true, strictFileInteractability: false, timeouts: {implicit: 0, pageLoad: 300000, script: 30000}, unhandledPromptBehavior: dismiss and notify, webauthn:extension:credBlob: true, webauthn:extension:largeBlob: true, webauthn:extension:minPinLength: true, webauthn:extension:prf: true, webauthn:virtualAuthenticators: true}
Session ID: ad650a56b4aa8cca218a31b1d331b82d
at org.openqa.selenium.support.ui.WebDriverWait.timeoutException(WebDriverWait.java:84)
at org.openqa.selenium.support.ui.FluentWait.until(FluentWait.java:230)
at org.pages.LoginPage.login(LoginPage.java:81)
at testScriptNonPo.PettyCashRejectFlowTest.pettyCash_Reject_Flow(PettyCashRejectFlowTest.java:25)
at java.base/jdk.internal.reflect.NativeMethodAccessorImpl.invoke0(Native Method)
at java.base/jdk.internal.reflect.NativeMethodAccessorImpl.invoke(NativeMethodAccessorImpl.java:77)
at java.base/jdk.internal.reflect.DelegatingMethodAccessorImpl.invoke(DelegatingMethodAccessorImpl.java:43)
at java.base/java.lang.reflect.Method.invoke(Method.java:568)
at org.testng.internal.invokers.MethodInvocationHelper.invokeMethod(MethodInvocationHelper.java:141)
at org.testng.internal.invokers.TestInvoker.invokeMethod(TestInvoker.java:686)
at org.testng.internal.invokers.TestInvoker.invokeTestMethod(TestInvoker.java:230)
at org.testng.internal.invokers.MethodRunner.runInSequence(MethodRunner.java:63)
at org.testng.internal.invokers.TestInvoker$MethodInvocationAgent.invoke(TestInvoker.java:992)
at org.testng.internal.invokers.TestInvoker.invokeTestMethods(TestInvoker.java:203)
at org.testng.internal.invokers.TestMethodWorker.invokeTestMethods(TestMethodWorker.java:154)
at org.testng.internal.invokers.TestMethodWorker.run(TestMethodWorker.java:134)
at java.base/java.util.ArrayList.forEach(ArrayList.java:1511)
at org.testng.TestRunner.privateRun(TestRunner.java:739)
at org.testng.TestRunner.run(TestRunner.java:614)
at org.testng.SuiteRunner.runTest(SuiteRunner.java:421)
at org.testng.SuiteRunner.runSequentially(SuiteRunner.java:413)
at org.testng.SuiteRunner.privateRun(SuiteRunner.java:373)
at org.testng.SuiteRunner.run(SuiteRunner.java:312)
at org.testng.SuiteRunnerWorker.runSuite(SuiteRunnerWorker.java:52)
at org.testng.SuiteRunnerWorker.run(SuiteRunnerWorker.java:95)
at org.testng.TestNG.runSuitesSequentially(TestNG.java:1274)
at org.testng.TestNG.runSuitesLocally(TestNG.java:1208)
at org.testng.TestNG.runSuites(TestNG.java:1112)
at org.testng.TestNG.run(TestNG.java:1079)
at org.testng.remote.AbstractRemoteTestNG.run(AbstractRemoteTestNG.java:115)
at org.testng.remote.RemoteTestNG.initAndRun(RemoteTestNG.java:293)
at org.testng.remote.RemoteTestNG.main(RemoteTestNG.java:91)
]]>
    </error>
  </testcase> <!-- pettyCash_Reject_Flow -->
  <testcase classname="testScriptNonPo.PettyCashRejectFlowTest" name="financeAuthorizerFlow" time="0.000">
    <skipped/>
  </testcase> <!-- financeAuthorizerFlow -->
  <testcase classname="testScriptNonPo.PettyCashRejectFlowTest" name="dcfoFlow" time="0.000">
    <skipped/>
  </testcase> <!-- dcfoFlow -->
  <testcase classname="testScriptNonPo.PettyCashRejectFlowTest" name="CFOFlow" time="0.000">
    <skipped/>
  </testcase> <!-- CFOFlow -->
  <testcase classname="testScriptNonPo.PettyCashRejectFlowTest" name="DCEOFlow" time="0.000">
    <skipped/>
  </testcase> <!-- DCEOFlow -->
  <testcase classname="testScriptNonPo.PettyCashRejectFlowTest" name="CEOFlow" time="0.000">
    <skipped/>
  </testcase> <!-- CEOFlow -->
  <testcase classname="testScriptNonPo.PettyCashRejectFlowTest" name="FinanceRenocileFlow" time="0.000">
    <skipped/>
  </testcase> <!-- FinanceRenocileFlow -->
  <testcase classname="testScriptNonPo.PettyCashRejectFlowTest" name="branchFlow" time="0.000">
    <skipped/>
  </testcase> <!-- branchFlow -->
</testsuite> <!-- testScriptNonPo.PettyCashRejectFlowTest -->
