<?xml version="1.0" encoding="UTF-8"?>
<!-- Generated by org.testng.reporters.JUnitReportReporter -->
<testsuite hostname="CDX-Gowtham-Laptop" failures="0" tests="7" name="testsScriptKBZPayService.MABT_BR_BA_PinReset_PinLock_ReqTest" time="710.721" errors="0" timestamp="2026-06-15T11:21:31 IST" skipped="0">
  <testcase classname="testsScriptKBZPayService.MABT_BR_BA_PinReset_PinLock_ReqTest" name="MABT_BR_BA_PinReset_PinLock_ReqFlowTest" time="257.622"/>
  <testcase classname="testsScriptKBZPayService.MABT_BR_BA_PinReset_PinLock_ReqTest" name="tsoLoginFlow" time="115.628"/>
  <testcase classname="testsScriptKBZPayService.MABT_BR_BA_PinReset_PinLock_ReqTest" name="branchLoginFlow" time="96.206"/>
  <testcase classname="testsScriptKBZPayService.MABT_BR_BA_PinReset_PinLock_ReqTest" name="TsoLoginFlow2" time="49.578"/>
  <testcase classname="testsScriptKBZPayService.MABT_BR_BA_PinReset_PinLock_ReqTest" name="closingLoopLogin" time="64.228"/>
  <testcase classname="testsScriptKBZPayService.MABT_BR_BA_PinReset_PinLock_ReqTest" name="TsoLoginFlow3" time="49.950"/>
  <testcase classname="testsScriptKBZPayService.MABT_BR_BA_PinReset_PinLock_ReqTest" name="closingLoopLogin2" time="77.509"/>
</testsuite> <!-- testsScriptKBZPayService.MABT_BR_BA_PinReset_PinLock_ReqTest -->
