<?xml version="1.0" encoding="UTF-8"?>
<!-- Generated by org.testng.reporters.JUnitReportReporter -->
<testsuite hostname="CDX-Gowtham-Laptop" failures="0" tests="5" name="testsScriptsCentralOps.Im_Banking_CIF_CloseTest" time="419.323" errors="0" timestamp="2026-06-26T12:28:01 IST" skipped="0">
  <testcase classname="testsScriptsCentralOps.Im_Banking_CIF_CloseTest" name="im_Banking_CIFF_CloseFlowTest" time="191.495"/>
  <testcase classname="testsScriptsCentralOps.Im_Banking_CIF_CloseTest" name="CFI_Flow" time="90.653"/>
  <testcase classname="testsScriptsCentralOps.Im_Banking_CIF_CloseTest" name="branchFlow" time="48.357"/>
  <testcase classname="testsScriptsCentralOps.Im_Banking_CIF_CloseTest" name="adminFlow" time="56.923"/>
  <testcase classname="testsScriptsCentralOps.Im_Banking_CIF_CloseTest" name="branchFlow_2" time="31.895"/>
</testsuite> <!-- testsScriptsCentralOps.Im_Banking_CIF_CloseTest -->
