<?xml version="1.0" encoding="UTF-8"?>
<!-- Generated by org.testng.reporters.JUnitReportReporter -->
<testsuite hostname="CDX-Gowtham-Laptop" failures="0" tests="7" name="testsScriptKBZPayService.Pin_Reset_Req_Device_Change_Req_Denied_FlowTest" time="554.488" errors="0" timestamp="2026-06-16T16:14:26 IST" skipped="0">
  <testcase classname="testsScriptKBZPayService.Pin_Reset_Req_Device_Change_Req_Denied_FlowTest" name="Pin_Reset_Req_Device_Change_ReqPage_DeniedFlowTest" time="241.532"/>
  <testcase classname="testsScriptKBZPayService.Pin_Reset_Req_Device_Change_Req_Denied_FlowTest" name="tsoLoginFlow" time="62.176"/>
  <testcase classname="testsScriptKBZPayService.Pin_Reset_Req_Device_Change_Req_Denied_FlowTest" name="branchLoginFlow" time="47.252"/>
  <testcase classname="testsScriptKBZPayService.Pin_Reset_Req_Device_Change_Req_Denied_FlowTest" name="TsoLoginFlow2" time="46.050"/>
  <testcase classname="testsScriptKBZPayService.Pin_Reset_Req_Device_Change_Req_Denied_FlowTest" name="closingLoopLogin" time="56.273"/>
  <testcase classname="testsScriptKBZPayService.Pin_Reset_Req_Device_Change_Req_Denied_FlowTest" name="TsoLoginFlow3" time="45.711"/>
  <testcase classname="testsScriptKBZPayService.Pin_Reset_Req_Device_Change_Req_Denied_FlowTest" name="closingLoopLogin2" time="55.494"/>
</testsuite> <!-- testsScriptKBZPayService.Pin_Reset_Req_Device_Change_Req_Denied_FlowTest -->
