<?xml version="1.0" encoding="UTF-8"?>
<!-- Generated by org.testng.reporters.JUnitReportReporter -->
<testsuite hostname="CDX-Gowtham-Laptop" failures="0" tests="6" name="testsScripts.accountUnlockPaygilantTest" time="371.816" errors="0" timestamp="2026-05-19T17:45:34 IST" skipped="0">
  <testcase classname="testsScripts.accountUnlockPaygilantTest" name="accountUnlockPaygilantFlow" time="157.444"/>
  <testcase classname="testsScripts.accountUnlockPaygilantTest" name="FMU1Login" time="50.458"/>
  <testcase classname="testsScripts.accountUnlockPaygilantTest" name="SOC1Login" time="50.073"/>
  <testcase classname="testsScripts.accountUnlockPaygilantTest" name="FMUlogin" time="50.095"/>
  <testcase classname="testsScripts.accountUnlockPaygilantTest" name="CIFGropuLogin" time="49.981"/>
  <testcase classname="testsScripts.accountUnlockPaygilantTest" name="branchGropLogin" time="13.765"/>
</testsuite> <!-- testsScripts.accountUnlockPaygilantTest -->
