<?xml version="1.0" encoding="UTF-8"?>
<!-- Generated by org.testng.reporters.JUnitReportReporter -->
<testsuite hostname="CDX-Gowtham-Laptop" failures="0" tests="7" name="testsScriptKBZPayService.Pin_Reset_Req_Device_Change_ReqTest" time="588.880" errors="0" timestamp="2026-06-16T15:59:28 IST" skipped="0">
  <testcase classname="testsScriptKBZPayService.Pin_Reset_Req_Device_Change_ReqTest" name="Pin_Reset_Req_Device_Change_ReqPageFlowTest" time="255.780"/>
  <testcase classname="testsScriptKBZPayService.Pin_Reset_Req_Device_Change_ReqTest" name="tsoLoginFlow" time="66.980"/>
  <testcase classname="testsScriptKBZPayService.Pin_Reset_Req_Device_Change_ReqTest" name="branchLoginFlow" time="50.101"/>
  <testcase classname="testsScriptKBZPayService.Pin_Reset_Req_Device_Change_ReqTest" name="TsoLoginFlow2" time="50.341"/>
  <testcase classname="testsScriptKBZPayService.Pin_Reset_Req_Device_Change_ReqTest" name="closingLoopLogin" time="59.535"/>
  <testcase classname="testsScriptKBZPayService.Pin_Reset_Req_Device_Change_ReqTest" name="TsoLoginFlow3" time="49.439"/>
  <testcase classname="testsScriptKBZPayService.Pin_Reset_Req_Device_Change_ReqTest" name="closingLoopLogin2" time="56.704"/>
</testsuite> <!-- testsScriptKBZPayService.Pin_Reset_Req_Device_Change_ReqTest -->
