<?xml version="1.0" encoding="UTF-8"?>
<!-- Generated by org.testng.reporters.JUnitReportReporter -->
<testsuite hostname="CDX-Gowtham-Laptop" failures="0" tests="7" name="testsScripts.KYC_EscalateFlowTest" time="526.282" errors="0" timestamp="2026-06-23T10:40:58 IST" skipped="0">
  <testcase classname="testsScripts.KYC_EscalateFlowTest" name="kyc_EscalateTest" time="132.168"/>
  <testcase classname="testsScripts.KYC_EscalateFlowTest" name="Kyc1_StartAndEscalate_Flow" time="102.551"/>
  <testcase classname="testsScripts.KYC_EscalateFlowTest" name="sao_ApplicationCorrected_Flow" time="77.200"/>
  <testcase classname="testsScripts.KYC_EscalateFlowTest" name="Kyc1_UpdateFlow" time="43.448"/>
  <testcase classname="testsScripts.KYC_EscalateFlowTest" name="Kyc2_ReWorkFlow" time="79.643"/>
  <testcase classname="testsScripts.KYC_EscalateFlowTest" name="kycRework_Complete_Flow" time="47.101"/>
  <testcase classname="testsScripts.KYC_EscalateFlowTest" name="Kyc2CompleteFlow" time="44.171"/>
</testsuite> <!-- testsScripts.KYC_EscalateFlowTest -->
