<?xml version="1.0" encoding="UTF-8"?>
<!-- Generated by org.testng.reporters.JUnitReportReporter -->
<testsuite hostname="CDX-Gowtham-Laptop" failures="0" tests="2" name="testScriptsKycVerification.approvalDelayTest" time="135.345" errors="0" timestamp="2026-06-04T11:33:08 IST" skipped="0">
  <testcase classname="testScriptsKycVerification.approvalDelayTest" name="KBZPayCenterCheckerFlow" time="61.940"/>
  <testcase classname="testScriptsKycVerification.approvalDelayTest" name="kycOfficerFlow" time="73.405"/>
</testsuite> <!-- testScriptsKycVerification.approvalDelayTest -->
