<?xml version="1.0" encoding="UTF-8"?>
<!-- Generated by org.testng.reporters.JUnitReportReporter -->
<testsuite hostname="CDX-Gowtham-Laptop" failures="0" tests="3" name="testsScriptKBZPayService.deviceManagement_RedApp" time="383.912" errors="0" timestamp="2026-06-11T17:16:35 IST" skipped="0">
  <testcase classname="testsScriptKBZPayService.deviceManagement_RedApp" name="deviceRedApp" time="205.568"/>
  <testcase classname="testsScriptKBZPayService.deviceManagement_RedApp" name="closingLoopLogin" time="55.409"/>
  <testcase classname="testsScriptKBZPayService.deviceManagement_RedApp" name="branchLogin" time="122.935"/>
</testsuite> <!-- testsScriptKBZPayService.deviceManagement_RedApp -->
