<?xml version="1.0" encoding="UTF-8"?>
<!-- Generated by org.testng.reporters.JUnitReportReporter -->
<testsuite hostname="CDX-Gowtham-Laptop" failures="0" tests="1" name="testsScripts.Duplicate_Phone_Number_Online_BankingTest" time="161.055" errors="0" timestamp="2026-06-24T12:19:56 IST" skipped="0">
  <testcase classname="testsScripts.Duplicate_Phone_Number_Online_BankingTest" name="Duplicate_Phone_Number_Online_BankingFlowTest" time="161.055"/>
</testsuite> <!-- testsScripts.Duplicate_Phone_Number_Online_BankingTest -->
