<?xml version="1.0" encoding="UTF-8"?>
<!-- Generated by org.testng.reporters.JUnitReportReporter -->
<testsuite hostname="CDX-Gowtham-Laptop" failures="0" tests="4" name="testsScriptKBZPayService.deviceManagaementDeviceChange" time="398.414" errors="0" timestamp="2026-06-22T14:45:06 IST" skipped="0">
  <testcase classname="testsScriptKBZPayService.deviceManagaementDeviceChange" name="deviceChange" time="186.688"/>
  <testcase classname="testsScriptKBZPayService.deviceManagaementDeviceChange" name="closingLoopLogin" time="45.323"/>
  <testcase classname="testsScriptKBZPayService.deviceManagaementDeviceChange" name="branchLogin" time="102.576"/>
  <testcase classname="testsScriptKBZPayService.deviceManagaementDeviceChange" name="closingloop2" time="63.827"/>
</testsuite> <!-- testsScriptKBZPayService.deviceManagaementDeviceChange -->
