<?xml version="1.0" encoding="UTF-8"?>
<!-- Generated by org.testng.reporters.JUnitReportReporter -->
<testsuite hostname="CDX-Gowtham-Laptop" failures="0" tests="3" name="testsScripts.KYCFlowTest" time="343.472" errors="0" timestamp="2026-06-18T16:56:53 IST" skipped="0">
  <testcase classname="testsScripts.KYCFlowTest" name="kycFlowTest" time="154.085"/>
  <testcase classname="testsScripts.KYCFlowTest" name="Kyc1Flow" time="102.895"/>
  <testcase classname="testsScripts.KYCFlowTest" name="Kyc2Flow" time="86.492"/>
</testsuite> <!-- testsScripts.KYCFlowTest -->
