<?xml version="1.0" encoding="UTF-8"?>
<!-- Generated by org.testng.reporters.JUnitReportReporter -->
<testsuite hostname="CDX-Gowtham-Laptop" failures="0" tests="7" name="testsScriptKBZPayService.MABT_BR_BA_PinReset_PinLock_ReqTest" time="604.246" errors="0" timestamp="2026-06-11T15:58:02 IST" skipped="0">
  <testcase classname="testsScriptKBZPayService.MABT_BR_BA_PinReset_PinLock_ReqTest" name="MABT_BR_BA_PinReset_PinLock_ReqFlowTest" time="206.606"/>
  <testcase classname="testsScriptKBZPayService.MABT_BR_BA_PinReset_PinLock_ReqTest" name="tsoLoginFlow" time="73.340"/>
  <testcase classname="testsScriptKBZPayService.MABT_BR_BA_PinReset_PinLock_ReqTest" name="branchLoginFlow" time="97.236"/>
  <testcase classname="testsScriptKBZPayService.MABT_BR_BA_PinReset_PinLock_ReqTest" name="TsoLoginFlow2" time="53.578"/>
  <testcase classname="testsScriptKBZPayService.MABT_BR_BA_PinReset_PinLock_ReqTest" name="closingLoopLogin" time="63.876"/>
  <testcase classname="testsScriptKBZPayService.MABT_BR_BA_PinReset_PinLock_ReqTest" name="TsoLoginFlow3" time="53.387"/>
  <testcase classname="testsScriptKBZPayService.MABT_BR_BA_PinReset_PinLock_ReqTest" name="closingLoopLogin2" time="56.223"/>
</testsuite> <!-- testsScriptKBZPayService.MABT_BR_BA_PinReset_PinLock_ReqTest -->
