<?xml version="1.0" encoding="UTF-8"?>
<!-- Generated by org.testng.reporters.JUnitReportReporter -->
<testsuite hostname="CDX-Gowtham-Laptop" failures="0" tests="4" name="testsScriptKBZPayService.MABR_KYC_ChangeTest" time="239.534" errors="0" timestamp="2026-06-15T11:04:33 IST" skipped="0">
  <testcase classname="testsScriptKBZPayService.MABR_KYC_ChangeTest" name="TsoLoginFlow2" time="56.154"/>
  <testcase classname="testsScriptKBZPayService.MABR_KYC_ChangeTest" name="closingLoopLogin" time="69.182"/>
  <testcase classname="testsScriptKBZPayService.MABR_KYC_ChangeTest" name="TsoLoginFlow3" time="51.522"/>
  <testcase classname="testsScriptKBZPayService.MABR_KYC_ChangeTest" name="closingLoopLogin2" time="62.676"/>
</testsuite> <!-- testsScriptKBZPayService.MABR_KYC_ChangeTest -->
