<?xml version="1.0" encoding="UTF-8"?>
<!-- Generated by org.testng.reporters.JUnitReportReporter -->
<testsuite hostname="CDX-Gowtham-Laptop" failures="0" tests="7" name="testsScriptKBZPayService.MABR_KYC_ChangeTest" time="479.894" errors="0" timestamp="2026-06-24T14:46:14 IST" skipped="0">
  <testcase classname="testsScriptKBZPayService.MABR_KYC_ChangeTest" name="MABR_KYC_ChangeFlowTest" time="164.536"/>
  <testcase classname="testsScriptKBZPayService.MABR_KYC_ChangeTest" name="tsoLoginFlow" time="64.018"/>
  <testcase classname="testsScriptKBZPayService.MABR_KYC_ChangeTest" name="branchLoginFlow" time="45.191"/>
  <testcase classname="testsScriptKBZPayService.MABR_KYC_ChangeTest" name="TsoLoginFlow2" time="47.448"/>
  <testcase classname="testsScriptKBZPayService.MABR_KYC_ChangeTest" name="closingLoopLogin" time="58.433"/>
  <testcase classname="testsScriptKBZPayService.MABR_KYC_ChangeTest" name="TsoLoginFlow3" time="46.348"/>
  <testcase classname="testsScriptKBZPayService.MABR_KYC_ChangeTest" name="closingLoopLogin2" time="53.920"/>
</testsuite> <!-- testsScriptKBZPayService.MABR_KYC_ChangeTest -->
