<?xml version="1.0" encoding="UTF-8"?>
<!-- Generated by org.testng.reporters.JUnitReportReporter -->
<testsuite hostname="CDX-Gowtham-Laptop" failures="0" tests="7" name="testsScriptKBZPayService.Phone_Change_ReqAndDevice_Change_ReqTest" time="631.952" errors="0" timestamp="2026-06-15T17:04:57 IST" skipped="0">
  <testcase classname="testsScriptKBZPayService.Phone_Change_ReqAndDevice_Change_ReqTest" name="Phone_Change_ReqAndDevice_Change_ReqPageFlowTest" time="292.881"/>
  <testcase classname="testsScriptKBZPayService.Phone_Change_ReqAndDevice_Change_ReqTest" name="tsoLoginFlow" time="68.456"/>
  <testcase classname="testsScriptKBZPayService.Phone_Change_ReqAndDevice_Change_ReqTest" name="branchLoginFlow" time="48.241"/>
  <testcase classname="testsScriptKBZPayService.Phone_Change_ReqAndDevice_Change_ReqTest" name="TsoLoginFlow2" time="51.118"/>
  <testcase classname="testsScriptKBZPayService.Phone_Change_ReqAndDevice_Change_ReqTest" name="closingLoopLogin" time="61.079"/>
  <testcase classname="testsScriptKBZPayService.Phone_Change_ReqAndDevice_Change_ReqTest" name="TsoLoginFlow3" time="51.776"/>
  <testcase classname="testsScriptKBZPayService.Phone_Change_ReqAndDevice_Change_ReqTest" name="closingLoopLogin2" time="58.401"/>
</testsuite> <!-- testsScriptKBZPayService.Phone_Change_ReqAndDevice_Change_ReqTest -->
