<?xml version="1.0" encoding="UTF-8"?>
<!-- Generated by org.testng.reporters.JUnitReportReporter -->
<testsuite hostname="CDX-Gowtham-Laptop" failures="0" tests="8" name="testScriptNonPo.PettyCashRejectFlowTest" time="523.612" errors="0" timestamp="2026-05-21T14:05:11 IST" skipped="0">
  <testcase classname="testScriptNonPo.PettyCashRejectFlowTest" name="pettyCash_Reject_Flow" time="171.505"/>
  <testcase classname="testScriptNonPo.PettyCashRejectFlowTest" name="financeAuthorizerFlow" time="52.876"/>
  <testcase classname="testScriptNonPo.PettyCashRejectFlowTest" name="dcfoFlow" time="53.128"/>
  <testcase classname="testScriptNonPo.PettyCashRejectFlowTest" name="CFOFlow" time="53.558"/>
  <testcase classname="testScriptNonPo.PettyCashRejectFlowTest" name="DCEOFlow" time="47.522"/>
  <testcase classname="testScriptNonPo.PettyCashRejectFlowTest" name="CEOFlow" time="52.167"/>
  <testcase classname="testScriptNonPo.PettyCashRejectFlowTest" name="FinanceRenocileFlow" time="52.247"/>
  <testcase classname="testScriptNonPo.PettyCashRejectFlowTest" name="branchFlow" time="40.609"/>
</testsuite> <!-- testScriptNonPo.PettyCashRejectFlowTest -->
