<?xml version="1.0" encoding="UTF-8"?>
<!-- Generated by org.testng.reporters.JUnitReportReporter -->
<testsuite hostname="CDX-Gowtham-Laptop" failures="0" tests="3" name="testsScriptKBZPayService.deviceManagement_RedApp" time="243.775" errors="0" timestamp="2026-05-19T17:45:34 IST" skipped="0">
  <testcase classname="testsScriptKBZPayService.deviceManagement_RedApp" name="deviceRedApp" time="143.560"/>
  <testcase classname="testsScriptKBZPayService.deviceManagement_RedApp" name="closingLoopLogin" time="57.032"/>
  <testcase classname="testsScriptKBZPayService.deviceManagement_RedApp" name="branchLogin" time="43.183"/>
</testsuite> <!-- testsScriptKBZPayService.deviceManagement_RedApp -->
