<?xml version="1.0" encoding="UTF-8"?>
<!-- Generated by org.testng.reporters.JUnitReportReporter -->
<testsuite hostname="CDX-Gowtham-Laptop" failures="0" tests="6" name="testsScriptKBZPayService.Account_Resumption_Fraud_RelatedTest" time="445.287" errors="0" timestamp="2026-06-22T14:59:26 IST" skipped="0">
  <testcase classname="testsScriptKBZPayService.Account_Resumption_Fraud_RelatedTest" name="Account_Resumption_Fraud_RelatedFlowTest" time="197.287"/>
  <testcase classname="testsScriptKBZPayService.Account_Resumption_Fraud_RelatedTest" name="closingLoopLogin" time="44.263"/>
  <testcase classname="testsScriptKBZPayService.Account_Resumption_Fraud_RelatedTest" name="branchLoginFlow" time="46.467"/>
  <testcase classname="testsScriptKBZPayService.Account_Resumption_Fraud_RelatedTest" name="closingLoopLogin2" time="56.679"/>
  <testcase classname="testsScriptKBZPayService.Account_Resumption_Fraud_RelatedTest" name="branchLoginFlow2" time="46.931"/>
  <testcase classname="testsScriptKBZPayService.Account_Resumption_Fraud_RelatedTest" name="closingLoopLogin3" time="53.660"/>
</testsuite> <!-- testsScriptKBZPayService.Account_Resumption_Fraud_RelatedTest -->
