<?xml version="1.0" encoding="UTF-8"?>
<!-- Generated by org.testng.reporters.JUnitReportReporter -->
<testsuite hostname="CDX-Gowtham-Laptop" failures="0" tests="7" name="testsScriptKBZPayService.CustomerKycChangeReqTest" time="629.255" errors="0" timestamp="2026-06-08T16:37:17 IST" skipped="0">
  <testcase classname="testsScriptKBZPayService.CustomerKycChangeReqTest" name="Customer_KYC_ChangeReqFlowTest" time="248.789"/>
  <testcase classname="testsScriptKBZPayService.CustomerKycChangeReqTest" name="tsoLoginFlow" time="65.129"/>
  <testcase classname="testsScriptKBZPayService.CustomerKycChangeReqTest" name="branchLoginFlow" time="88.253"/>
  <testcase classname="testsScriptKBZPayService.CustomerKycChangeReqTest" name="TsoLoginFlow2" time="50.449"/>
  <testcase classname="testsScriptKBZPayService.CustomerKycChangeReqTest" name="closingLoopLogin" time="66.381"/>
  <testcase classname="testsScriptKBZPayService.CustomerKycChangeReqTest" name="TsoLoginFlow3" time="47.216"/>
  <testcase classname="testsScriptKBZPayService.CustomerKycChangeReqTest" name="closingLoopLogin2" time="63.038"/>
</testsuite> <!-- testsScriptKBZPayService.CustomerKycChangeReqTest -->
