<?xml version="1.0" encoding="UTF-8"?>
<!-- Generated by org.testng.reporters.JUnitReportReporter -->
<testsuite hostname="CDX-Gowtham-Laptop" failures="0" tests="7" name="testsScriptKBZPayService.Pin_Reset_Req_Device_Change_ReqTest" time="550.458" errors="0" timestamp="2026-06-22T13:50:55 IST" skipped="0">
  <testcase classname="testsScriptKBZPayService.Pin_Reset_Req_Device_Change_ReqTest" name="Pin_Reset_Req_Device_Change_ReqPageFlowTest" time="243.716"/>
  <testcase classname="testsScriptKBZPayService.Pin_Reset_Req_Device_Change_ReqTest" name="tsoLoginFlow" time="59.621"/>
  <testcase classname="testsScriptKBZPayService.Pin_Reset_Req_Device_Change_ReqTest" name="branchLoginFlow" time="45.456"/>
  <testcase classname="testsScriptKBZPayService.Pin_Reset_Req_Device_Change_ReqTest" name="TsoLoginFlow2" time="45.788"/>
  <testcase classname="testsScriptKBZPayService.Pin_Reset_Req_Device_Change_ReqTest" name="closingLoopLogin" time="57.155"/>
  <testcase classname="testsScriptKBZPayService.Pin_Reset_Req_Device_Change_ReqTest" name="TsoLoginFlow3" time="45.104"/>
  <testcase classname="testsScriptKBZPayService.Pin_Reset_Req_Device_Change_ReqTest" name="closingLoopLogin2" time="53.618"/>
</testsuite> <!-- testsScriptKBZPayService.Pin_Reset_Req_Device_Change_ReqTest -->
