<?xml version="1.0" encoding="UTF-8"?>
<!-- Generated by org.testng.reporters.JUnitReportReporter -->
<testsuite hostname="CDX-Gowtham-Laptop" failures="0" tests="7" name="testsScriptKBZPayService.Pin_Reset_Req_Device_Change_Req_Denied_FlowTest" time="549.210" errors="0" timestamp="2026-06-22T13:40:46 IST" skipped="0">
  <testcase classname="testsScriptKBZPayService.Pin_Reset_Req_Device_Change_Req_Denied_FlowTest" name="Pin_Reset_Req_Device_Change_ReqPage_DeniedFlowTest" time="240.389"/>
  <testcase classname="testsScriptKBZPayService.Pin_Reset_Req_Device_Change_Req_Denied_FlowTest" name="tsoLoginFlow" time="59.116"/>
  <testcase classname="testsScriptKBZPayService.Pin_Reset_Req_Device_Change_Req_Denied_FlowTest" name="branchLoginFlow" time="46.705"/>
  <testcase classname="testsScriptKBZPayService.Pin_Reset_Req_Device_Change_Req_Denied_FlowTest" name="TsoLoginFlow2" time="45.484"/>
  <testcase classname="testsScriptKBZPayService.Pin_Reset_Req_Device_Change_Req_Denied_FlowTest" name="closingLoopLogin" time="57.141"/>
  <testcase classname="testsScriptKBZPayService.Pin_Reset_Req_Device_Change_Req_Denied_FlowTest" name="TsoLoginFlow3" time="45.816"/>
  <testcase classname="testsScriptKBZPayService.Pin_Reset_Req_Device_Change_Req_Denied_FlowTest" name="closingLoopLogin2" time="54.559"/>
</testsuite> <!-- testsScriptKBZPayService.Pin_Reset_Req_Device_Change_Req_Denied_FlowTest -->
