<?xml version="1.0" encoding="UTF-8"?>
<!-- Generated by org.testng.reporters.JUnitReportReporter -->
<testsuite hostname="CDX-Gowtham-Laptop" failures="0" tests="7" name="testsScripts.KYC_EscalateFlowTest" time="514.180" errors="0" timestamp="2026-06-19T14:21:32 IST" skipped="0">
  <testcase classname="testsScripts.KYC_EscalateFlowTest" name="kyc_EscalateTest" time="136.311"/>
  <testcase classname="testsScripts.KYC_EscalateFlowTest" name="Kyc1_StartAndEscalate_Flow" time="95.860"/>
  <testcase classname="testsScripts.KYC_EscalateFlowTest" name="sao_ApplicationCorrected_Flow" time="79.083"/>
  <testcase classname="testsScripts.KYC_EscalateFlowTest" name="Kyc1_UpdateFlow" time="38.876"/>
  <testcase classname="testsScripts.KYC_EscalateFlowTest" name="Kyc2_ReWorkFlow" time="73.390"/>
  <testcase classname="testsScripts.KYC_EscalateFlowTest" name="kycRework_Complete_Flow" time="45.626"/>
  <testcase classname="testsScripts.KYC_EscalateFlowTest" name="Kyc2CompleteFlow" time="45.034"/>
</testsuite> <!-- testsScripts.KYC_EscalateFlowTest -->
