<?xml version="1.0" encoding="UTF-8"?>
<!-- Generated by org.testng.reporters.JUnitReportReporter -->
<testsuite hostname="CDX-Gowtham-Laptop" failures="0" tests="7" name="testsScriptKBZPayService.Phone_Change_ReqAndDevice_Change_DeniedTest" time="671.914" errors="0" timestamp="2026-06-15T17:26:40 IST" skipped="0">
  <testcase classname="testsScriptKBZPayService.Phone_Change_ReqAndDevice_Change_DeniedTest" name="Phone_Change_ReqAndDevice_Change_DeniedFlowTest" time="313.337"/>
  <testcase classname="testsScriptKBZPayService.Phone_Change_ReqAndDevice_Change_DeniedTest" name="tsoLoginFlow" time="79.796"/>
  <testcase classname="testsScriptKBZPayService.Phone_Change_ReqAndDevice_Change_DeniedTest" name="branchLoginFlow" time="55.044"/>
  <testcase classname="testsScriptKBZPayService.Phone_Change_ReqAndDevice_Change_DeniedTest" name="TsoLoginFlow2" time="51.885"/>
  <testcase classname="testsScriptKBZPayService.Phone_Change_ReqAndDevice_Change_DeniedTest" name="closingLoopLogin" time="62.119"/>
  <testcase classname="testsScriptKBZPayService.Phone_Change_ReqAndDevice_Change_DeniedTest" name="TsoLoginFlow3" time="51.030"/>
  <testcase classname="testsScriptKBZPayService.Phone_Change_ReqAndDevice_Change_DeniedTest" name="closingLoopLogin2" time="58.703"/>
</testsuite> <!-- testsScriptKBZPayService.Phone_Change_ReqAndDevice_Change_DeniedTest -->
