<?xml version="1.0" encoding="UTF-8"?>
<!-- Generated by org.testng.reporters.JUnitReportReporter -->
<testsuite hostname="CDX-Gowtham-Laptop" failures="0" tests="1" name="testsScripts.Duplicate_Phone_Number_Online_Banking_DeniedTest" time="67.688" errors="0" timestamp="2026-06-24T14:24:18 IST" skipped="0">
  <testcase classname="testsScripts.Duplicate_Phone_Number_Online_Banking_DeniedTest" name="CFI_Flow_2" time="67.688"/>
</testsuite> <!-- testsScripts.Duplicate_Phone_Number_Online_Banking_DeniedTest -->
