<?xml version="1.0" encoding="UTF-8"?>
<!-- Generated by org.testng.reporters.JUnitReportReporter -->
<testsuite hostname="CDX-Gowtham-Laptop" failures="0" tests="5" name="testsScriptKBZPayService.accountCloseTest" time="516.874" errors="0" timestamp="2026-06-11T16:09:52 IST" skipped="0">
  <testcase classname="testsScriptKBZPayService.accountCloseTest" name="AccountCloseTest" time="246.948"/>
  <testcase classname="testsScriptKBZPayService.accountCloseTest" name="TSOLoginFlow" time="71.267"/>
  <testcase classname="testsScriptKBZPayService.accountCloseTest" name="branchLogin" time="95.238"/>
  <testcase classname="testsScriptKBZPayService.accountCloseTest" name="tsoLogin2" time="49.513"/>
  <testcase classname="testsScriptKBZPayService.accountCloseTest" name="closingLoopLogin" time="53.908"/>
</testsuite> <!-- testsScriptKBZPayService.accountCloseTest -->
