<?xml version="1.0" encoding="UTF-8"?>
<!-- Generated by org.testng.reporters.JUnitReportReporter -->
<testsuite hostname="CDX-Gowtham-Laptop" failures="0" tests="5" name="testsScripts.Duplicate_Phone_Number_Online_Banking_ApplicationClosedTest" time="373.734" errors="0" timestamp="2026-06-24T15:07:46 IST" skipped="0">
  <testcase classname="testsScripts.Duplicate_Phone_Number_Online_Banking_ApplicationClosedTest" name="Duplicate_Phone_Number_Online_Banking_applicationClose_FlowTest" time="161.920"/>
  <testcase classname="testsScripts.Duplicate_Phone_Number_Online_Banking_ApplicationClosedTest" name="CFI_Flow" time="81.546"/>
  <testcase classname="testsScripts.Duplicate_Phone_Number_Online_Banking_ApplicationClosedTest" name="branchFlow" time="44.712"/>
  <testcase classname="testsScripts.Duplicate_Phone_Number_Online_Banking_ApplicationClosedTest" name="adminFlow" time="53.527"/>
  <testcase classname="testsScripts.Duplicate_Phone_Number_Online_Banking_ApplicationClosedTest" name="branchFlow_2" time="32.029"/>
</testsuite> <!-- testsScripts.Duplicate_Phone_Number_Online_Banking_ApplicationClosedTest -->
