<?xml version="1.0" encoding="UTF-8"?>
<!-- Generated by org.testng.reporters.JUnitReportReporter -->
<testsuite hostname="CDX-Gowtham-Laptop" failures="0" tests="4" name="testsScriptKBZPayService.deviceManagaementDeviceChange" time="362.320" errors="0" timestamp="2026-05-19T17:45:34 IST" skipped="0">
  <testcase classname="testsScriptKBZPayService.deviceManagaementDeviceChange" name="deviceChange" time="158.217"/>
  <testcase classname="testsScriptKBZPayService.deviceManagaementDeviceChange" name="closingLoopLogin" time="56.501"/>
  <testcase classname="testsScriptKBZPayService.deviceManagaementDeviceChange" name="branchLogin" time="57.373"/>
  <testcase classname="testsScriptKBZPayService.deviceManagaementDeviceChange" name="closingloop2" time="90.229"/>
</testsuite> <!-- testsScriptKBZPayService.deviceManagaementDeviceChange -->
