<?xml version="1.0" encoding="UTF-8"?>
<!-- Generated by org.testng.reporters.JUnitReportReporter -->
<testsuite hostname="CDX-Gowtham-Laptop" failures="0" tests="5" name="testsScriptKBZPayService.accountCloseTest" time="469.583" errors="0" timestamp="2026-06-22T15:08:10 IST" skipped="0">
  <testcase classname="testsScriptKBZPayService.accountCloseTest" name="AccountCloseTest" time="219.549"/>
  <testcase classname="testsScriptKBZPayService.accountCloseTest" name="TSOLoginFlow" time="62.991"/>
  <testcase classname="testsScriptKBZPayService.accountCloseTest" name="branchLogin" time="90.837"/>
  <testcase classname="testsScriptKBZPayService.accountCloseTest" name="tsoLogin2" time="44.561"/>
  <testcase classname="testsScriptKBZPayService.accountCloseTest" name="closingLoopLogin" time="51.645"/>
</testsuite> <!-- testsScriptKBZPayService.accountCloseTest -->
